<?xml version="1.0" encoding="UTF-8"?>
<!-- Generated by org.testng.reporters.JUnitXMLReporter -->
<testsuite hostname="SMSL044" name="Coordinador" tests="3" failures="0" timestamp="14 Sep 2018 18:59:34 GMT" time="62.393" errors="0">
  <testcase name="atenderSocio" time="12.124" classname="ar.com.osde.som.test.Test_Medico"/>
  <testcase name="NavegarMenuAdministrador" time="2.277" classname="ar.com.osde.som.test.Test_Administrador"/>
  <testcase name="CoordinadorGeneraInvitacion" time="19.72" classname="ar.com.osde.som.test.Test_Coordinador"/>
</testsuite> <!-- Coordinador -->
